<?xml version="1.0" encoding="utf-8"?><testsuites name="pytest tests"><testsuite name="pytest" errors="0" failures="0" skipped="0" tests="38" time="19.126" timestamp="2026-05-29T19:12:03.367521+00:00" hostname="agent-env-1f4edf93-eae1-4b94-94ef-66ffd5167944"><testcase classname="backend.tests.backend_test.TestAuth" name="test_request_otp" time="0.153" /><testcase classname="backend.tests.backend_test.TestAuth" name="test_request_otp_invalid_phone" time="0.116" /><testcase classname="backend.tests.backend_test.TestAuth" name="test_master_otp_works" time="0.108" /><testcase classname="backend.tests.backend_test.TestAuth" name="test_invalid_otp" time="0.113" /><testcase classname="backend.tests.backend_test.TestAuth" name="test_me" time="0.360" /><testcase classname="backend.tests.backend_test.TestAuth" name="test_me_unauthorized" time="0.109" /><testcase classname="backend.tests.backend_test.TestAuth" name="test_super_admin_role" time="0.207" /><testcase classname="backend.tests.backend_test.TestTenant" name="test_get_tenant" time="0.122" /><testcase classname="backend.tests.backend_test.TestTenant" name="test_update_tenant" time="0.105" /><testcase classname="backend.tests.backend_test.TestMenuMaterials" name="test_list_menu_items_seeded" time="0.102" /><testcase classname="backend.tests.backend_test.TestMenuMaterials" name="test_menu_item_crud" time="0.320" /><testcase classname="backend.tests.backend_test.TestMenuMaterials" name="test_list_raw_materials_seeded" time="0.110" /><testcase classname="backend.tests.backend_test.TestMenuMaterials" name="test_raw_material_crud" time="0.329" /><testcase classname="backend.tests.backend_test.TestBOM" name="test_list_boms" time="0.103" /><testcase classname="backend.tests.backend_test.TestBOM" name="test_bom_versioning" time="0.441" /><testcase classname="backend.tests.backend_test.TestBOM" name="test_bom_by_item" time="0.201" /><testcase classname="backend.tests.backend_test.TestSuppliers" name="test_supplier_crud" time="0.432" /><testcase classname="backend.tests.backend_test.TestOps" name="test_create_sale" time="0.307" /><testcase classname="backend.tests.backend_test.TestOps" name="test_create_inventory_updates_stock" time="0.339" /><testcase classname="backend.tests.backend_test.TestOps" name="test_create_purchase_increments_stock" time="0.448" /><testcase classname="backend.tests.backend_test.TestOps" name="test_wastage_material" time="0.388" /><testcase classname="backend.tests.backend_test.TestOps" name="test_prepared_food" time="0.268" /><testcase classname="backend.tests.backend_test.TestAnalytics" name="test_dashboard" time="0.103" /><testcase classname="backend.tests.backend_test.TestAnalytics" name="test_variations" time="0.116" /><testcase classname="backend.tests.backend_test.TestAnalytics" name="test_reports" time="0.431" /><testcase classname="backend.tests.backend_test.TestIsolation" name="test_other_tenant_cannot_see_owner_data" time="0.537" /><testcase classname="backend.tests.backend_test.TestWallet" name="test_wallet_summary" time="0.117" /><testcase classname="backend.tests.backend_test.TestWallet" name="test_wallet_topup" time="0.242" /><testcase classname="backend.tests.backend_test.TestWallet" name="test_wallet_topup_invalid" time="0.119" /><testcase classname="backend.tests.backend_test.TestSubscription" name="test_list_plans_public" time="0.096" /><testcase classname="backend.tests.backend_test.TestSubscription" name="test_subscribe_mock_flow" time="0.415" /><testcase classname="backend.tests.backend_test.TestSuperAdmin" name="test_admin_tenants" time="0.099" /><testcase classname="backend.tests.backend_test.TestSuperAdmin" name="test_admin_revenue" time="0.108" /><testcase classname="backend.tests.backend_test.TestSuperAdmin" name="test_admin_requires_role" time="0.107" /><testcase classname="backend.tests.backend_test.TestSuperAdmin" name="test_admin_plan_crud" time="0.318" /><testcase classname="backend.tests.backend_test.TestSuperAdmin" name="test_admin_tenant_status_toggle" time="0.128" /><testcase classname="backend.tests.backend_test.TestAIInsights" name="test_generate_insight_and_charge" time="10.789" /><testcase classname="backend.tests.backend_test.TestAIInsights" name="test_list_insights" time="0.135" /></testsuite></testsuites>